[  0%] Built target swarmie_msgs_generate_messages_eus
[  0%] Built target swarmie_msgs_generate_messages_nodejs
[  0%] Built target actionlib_msgs_generate_messages_lisp
[  0%] Built target swarmie_msgs_generate_messages_lisp
[  0%] Built target bond_generate_messages_lisp
[  0%] Built target swarmie_msgs_generate_messages_cpp
[  0%] Built target bond_generate_messages_cpp
[  0%] Built target nodelet_generate_messages_nodejs
[  0%] Built target apriltags_ros_generate_messages_eus
[  0%] Built target nodelet_generate_messages_lisp
[  0%] Built target apriltags_ros_generate_messages_cpp
[  0%] Built target apriltags_ros_generate_messages_lisp
[  0%] Built target bond_generate_messages_nodejs
[  0%] Built target nodelet_generate_messages_eus
[  0%] Built target tf2_msgs_generate_messages_nodejs
[  0%] Built target tf2_msgs_generate_messages_lisp
[  0%] Built target nodelet_generate_messages_cpp
[  0%] Built target tf2_msgs_generate_messages_eus
[  0%] Built target rosgraph_msgs_generate_messages_eus
[  0%] Built target actionlib_generate_messages_eus
[  0%] Built target roscpp_generate_messages_nodejs
[  0%] Built target apriltags_ros_generate_messages_nodejs
[  0%] Built target rosgraph_msgs_generate_messages_lisp
[  0%] Built target tf_generate_messages_eus
[  0%] Built target swarmie_msgs_generate_messages_py
[  0%] Built target bond_generate_messages_eus
[  0%] Built target roscpp_generate_messages_eus
[  0%] Built target std_msgs_generate_messages_eus
[  0%] Built target roscpp_generate_messages_lisp
[  0%] Built target geometry_msgs_generate_messages_nodejs
[  0%] Built target tf2_msgs_generate_messages_cpp
[  0%] Built target rosgraph_msgs_generate_messages_cpp
[  0%] Built target tf_generate_messages_cpp
[  0%] Built target std_msgs_generate_messages_lisp
[  0%] Built target bond_generate_messages_py
[  0%] Built target geometry_msgs_generate_messages_lisp
[  0%] Built target apriltags_ros_generate_messages_py
[  0%] Built target std_msgs_generate_messages_py
[  0%] Built target geometry_msgs_generate_messages_eus
[  0%] Built target roscpp_generate_messages_cpp
[  0%] Built target actionlib_msgs_generate_messages_py
[  0%] Built target nodelet_generate_messages_py
[  0%] Built target geometry_msgs_generate_messages_cpp
[  0%] Built target std_msgs_generate_messages_nodejs
[  0%] Built target sensor_msgs_generate_messages_nodejs
[  0%] Built target geometry_msgs_generate_messages_py
[  0%] Built target rosgraph_msgs_generate_messages_nodejs
[  0%] Built target sensor_msgs_generate_messages_cpp
[  0%] Built target sensor_msgs_generate_messages_lisp
[  0%] Built target rosgraph_msgs_generate_messages_py
[  0%] Built target tf_generate_messages_lisp
[  0%] Built target tf_generate_messages_nodejs
[  0%] Built target roscpp_generate_messages_py
[  0%] Built target tf_generate_messages_py
[  0%] Built target sensor_msgs_generate_messages_py
[  0%] Built target actionlib_generate_messages_cpp
[  0%] Built target tf2_msgs_generate_messages_py
[  0%] Built target actionlib_msgs_generate_messages_nodejs
[  0%] Built target actionlib_msgs_generate_messages_eus
[  0%] Built target actionlib_generate_messages_lisp
[  0%] Built target std_msgs_generate_messages_cpp
[  0%] Built target actionlib_msgs_generate_messages_cpp
[  0%] Built target sensor_msgs_generate_messages_eus
[  0%] Built target actionlib_generate_messages_nodejs
[  0%] Built target actionlib_generate_messages_py
[35m[1mScanning dependencies of target behaviours[0m
[  8%] [32mBuilding CXX object CMakeFiles/behaviours.dir/src/ROSAdapter.cpp.o[0m
[ 16%] [32m[1mLinking CXX executable /home/timeinvestor2/SwarmBaseCode-ROS/devel/.private/behaviours/lib/behaviours/behaviours[0m
[100%] Built target behaviours
