Welcome to the world of tomorrow achilles!  Behaviour turnDirectionule started.
LogicController.Reset()







[33m[ WARN] [1520993500.889696373, 777.192000000]: Shutdown request received.[0m
[33m[ WARN] [1520993500.889814997, 777.192000000]: Reason given for shutdown: [user request][0m
Exception in mapAverage() Lookup would require extrapolation into the future.  Requested time 777.101000000 but the latest data is at time 777.000000000, when looking up transform from frame [achilles/map] to frame [achilles/odom]

... logging to /home/timeinvestor2/.ros/log/16aecd14-2725-11e8-a59b-18cf5ef835b6/roslaunch-timeinvestor2-Latitude-E6440-18847.log
Checking log directory for disk usage. This may take awhile.
Press Ctrl-C to interrupt
Done checking log file disk usage. Usage is <1GB.
]2;/home/timeinvestor2/SwarmBaseCode-ROS/launch/swarmie.launch
[1mstarted roslaunch server http://timeinvestor2-Latitude-E6440:46355/[0m

SUMMARY
========

PARAMETERS
 * /achilles_APRILTAG/image_transport: theora
 * /achilles_APRILTAG/sensor_frame_id: achilles/camera_link
 * /achilles_APRILTAG/tag_descriptions: [{'id': 0, 'size'...
 * /achilles_APRILTAG/tag_family: 36h11
 * /achilles_MAP/frequency: 10
 * /achilles_MAP/imu0: /achilles/imu
 * /achilles_MAP/imu0_config: [False, False, Fa...
 * /achilles_MAP/initial_estimate_covariance: ['1e-9', 0, 0, 0,...
 * /achilles_MAP/odom0: /achilles/odom/na...
 * /achilles_MAP/odom0_config: [True, True, Fals...
 * /achilles_MAP/odom1: /achilles/odom/fi...
 * /achilles_MAP/odom1_config: [False, False, Fa...
 * /achilles_MAP/process_noise_covariance: [0.005, 0, 0, 0, ...
 * /achilles_MAP/two_d_mode: True
 * /achilles_MAP/world_frame: map
 * /achilles_NAVSAT/frequency: 10
 * /achilles_NAVSAT/magnetic_declination_radians: 0.0
 * /achilles_NAVSAT/world_frame: map
 * /achilles_NAVSAT/yaw_offset: 1.57079632679
 * /achilles_ODOM/frequency: 10
 * /achilles_ODOM/imu0: /achilles/imu
 * /achilles_ODOM/imu0_config: [False, False, Fa...
 * /achilles_ODOM/odom0: /achilles/odom
 * /achilles_ODOM/odom0_config: [False, False, Fa...
 * /achilles_ODOM/two_d_mode: True
 * /achilles_ODOM/world_frame: odom
 * /rosdistro: kinetic
 * /rosversion: 1.12.7
 * /tf_prefix: achilles

NODES
  /
    achilles_APRILTAG (apriltags_ros/apriltag_detector_node)
    achilles_BASE2CAM (tf/static_transform_publisher)
    achilles_BEHAVIOUR (behaviours/behaviours)
    achilles_DIAGNOSTICS (diagnostics/diagnostics)
    achilles_MAP (robot_localization/ekf_localization_node)
    achilles_NAVSAT (robot_localization/navsat_transform_node)
    achilles_OBSTACLE (obstacle_detection/obstacle)
    achilles_ODOM (robot_localization/ekf_localization_node)
    achilles_SBRIDGE (sbridge/sbridge)

[1mROS_MASTER_URI=http://localhost:11311[0m
]2;/home/timeinvestor2/SwarmBaseCode-ROS/launch/swarmie.launch http://localhost:11311
core service [/rosout] found
[1mprocess[achilles_BASE2CAM-1]: started with pid [18885][0m
[1mprocess[achilles_DIAGNOSTICS-2]: started with pid [18886][0m
[1mprocess[achilles_SBRIDGE-3]: started with pid [18898][0m
[1mprocess[achilles_BEHAVIOUR-4]: started with pid [18905][0m
[1mprocess[achilles_NAVSAT-6]: started with pid [18916][0m
[1mprocess[achilles_ODOM-7]: started with pid [18934][0m
[1mprocess[achilles_MAP-8]: started with pid [18947][0m
[1mprocess[achilles_APRILTAG-9]: started with pid [18954][0m
[1m[achilles_APRILTAG-9] process has finished cleanly
log file: /home/timeinvestor2/.ros/log/16aecd14-2725-11e8-a59b-18cf5ef835b6/achilles_APRILTAG-9*.log[0m
[1m[achilles_BASE2CAM-1] process has finished cleanly
log file: /home/timeinvestor2/.ros/log/16aecd14-2725-11e8-a59b-18cf5ef835b6/achilles_BASE2CAM-1*.log[0m
[1m[achilles_DIAGNOSTICS-2] process has finished cleanly
log file: /home/timeinvestor2/.ros/log/16aecd14-2725-11e8-a59b-18cf5ef835b6/achilles_DIAGNOSTICS-2*.log[0m
[1m[achilles_MAP-8] process has finished cleanly
log file: /home/timeinvestor2/.ros/log/16aecd14-2725-11e8-a59b-18cf5ef835b6/achilles_MAP-8*.log[0m
[1m[achilles_SBRIDGE-3] process has finished cleanly
log file: /home/timeinvestor2/.ros/log/16aecd14-2725-11e8-a59b-18cf5ef835b6/achilles_SBRIDGE-3*.log[0m
[1m[achilles_NAVSAT-6] process has finished cleanly
log file: /home/timeinvestor2/.ros/log/16aecd14-2725-11e8-a59b-18cf5ef835b6/achilles_NAVSAT-6*.log[0m
[1m[achilles_ODOM-7] process has finished cleanly
log file: /home/timeinvestor2/.ros/log/16aecd14-2725-11e8-a59b-18cf5ef835b6/achilles_ODOM-7*.log[0m
all processes on machine have died, roslaunch will exit
shutting down processing monitor...
... shutting down processing monitor complete
[1mdone[0m
