Welcome to the world of tomorrow aeneas!  Behaviour turnDirectionule started.
LogicController.Reset()








[33m[ WARN] [1520993514.373840984, 777.192000000]: Shutdown request received.[0m
[33m[ WARN] [1520993514.374017700, 777.192000000]: Reason given for shutdown: [user request][0m
Exception in mapAverage() Lookup would require extrapolation into the future.  Requested time 777.184000000 but the latest data is at time 777.100000000, when looking up transform from frame [aeneas/map] to frame [aeneas/odom]

... logging to /home/timeinvestor2/.ros/log/16aecd14-2725-11e8-a59b-18cf5ef835b6/roslaunch-timeinvestor2-Latitude-E6440-19680.log
Checking log directory for disk usage. This may take awhile.
Press Ctrl-C to interrupt
Done checking log file disk usage. Usage is <1GB.
]2;/home/timeinvestor2/SwarmBaseCode-ROS/launch/swarmie.launch
[1mstarted roslaunch server http://timeinvestor2-Latitude-E6440:39187/[0m

SUMMARY
========

PARAMETERS
 * /aeneas_APRILTAG/image_transport: theora
 * /aeneas_APRILTAG/sensor_frame_id: aeneas/camera_link
 * /aeneas_APRILTAG/tag_descriptions: [{'id': 0, 'size'...
 * /aeneas_APRILTAG/tag_family: 36h11
 * /aeneas_MAP/frequency: 10
 * /aeneas_MAP/imu0: /aeneas/imu
 * /aeneas_MAP/imu0_config: [False, False, Fa...
 * /aeneas_MAP/initial_estimate_covariance: ['1e-9', 0, 0, 0,...
 * /aeneas_MAP/odom0: /aeneas/odom/navsat
 * /aeneas_MAP/odom0_config: [True, True, Fals...
 * /aeneas_MAP/odom1: /aeneas/odom/filt...
 * /aeneas_MAP/odom1_config: [False, False, Fa...
 * /aeneas_MAP/process_noise_covariance: [0.005, 0, 0, 0, ...
 * /aeneas_MAP/two_d_mode: True
 * /aeneas_MAP/world_frame: map
 * /aeneas_NAVSAT/frequency: 10
 * /aeneas_NAVSAT/magnetic_declination_radians: 0.0
 * /aeneas_NAVSAT/world_frame: map
 * /aeneas_NAVSAT/yaw_offset: 1.57079632679
 * /aeneas_ODOM/frequency: 10
 * /aeneas_ODOM/imu0: /aeneas/imu
 * /aeneas_ODOM/imu0_config: [False, False, Fa...
 * /aeneas_ODOM/odom0: /aeneas/odom
 * /aeneas_ODOM/odom0_config: [False, False, Fa...
 * /aeneas_ODOM/two_d_mode: True
 * /aeneas_ODOM/world_frame: odom
 * /rosdistro: kinetic
 * /rosversion: 1.12.7
 * /tf_prefix: aeneas

NODES
  /
    aeneas_APRILTAG (apriltags_ros/apriltag_detector_node)
    aeneas_BASE2CAM (tf/static_transform_publisher)
    aeneas_BEHAVIOUR (behaviours/behaviours)
    aeneas_DIAGNOSTICS (diagnostics/diagnostics)
    aeneas_MAP (robot_localization/ekf_localization_node)
    aeneas_NAVSAT (robot_localization/navsat_transform_node)
    aeneas_OBSTACLE (obstacle_detection/obstacle)
    aeneas_ODOM (robot_localization/ekf_localization_node)
    aeneas_SBRIDGE (sbridge/sbridge)

[1mROS_MASTER_URI=http://localhost:11311[0m
]2;/home/timeinvestor2/SwarmBaseCode-ROS/launch/swarmie.launch http://localhost:11311
core service [/rosout] found
[1mprocess[aeneas_BASE2CAM-1]: started with pid [19778][0m
[1mprocess[aeneas_DIAGNOSTICS-2]: started with pid [19779][0m
[1mprocess[aeneas_SBRIDGE-3]: started with pid [19780][0m
[1mprocess[aeneas_BEHAVIOUR-4]: started with pid [19798][0m
[1mprocess[aeneas_NAVSAT-6]: started with pid [19806][0m
[1mprocess[aeneas_ODOM-7]: started with pid [19822][0m
[1mprocess[aeneas_MAP-8]: started with pid [19838][0m
[1mprocess[aeneas_APRILTAG-9]: started with pid [19865][0m
[1m[aeneas_APRILTAG-9] process has finished cleanly
log file: /home/timeinvestor2/.ros/log/16aecd14-2725-11e8-a59b-18cf5ef835b6/aeneas_APRILTAG-9*.log[0m
[1m[aeneas_BASE2CAM-1] process has finished cleanly
log file: /home/timeinvestor2/.ros/log/16aecd14-2725-11e8-a59b-18cf5ef835b6/aeneas_BASE2CAM-1*.log[0m
[1m[aeneas_DIAGNOSTICS-2] process has finished cleanly
log file: /home/timeinvestor2/.ros/log/16aecd14-2725-11e8-a59b-18cf5ef835b6/aeneas_DIAGNOSTICS-2*.log[0m
[1m[aeneas_MAP-8] process has finished cleanly
log file: /home/timeinvestor2/.ros/log/16aecd14-2725-11e8-a59b-18cf5ef835b6/aeneas_MAP-8*.log[0m
[1m[aeneas_SBRIDGE-3] process has finished cleanly
log file: /home/timeinvestor2/.ros/log/16aecd14-2725-11e8-a59b-18cf5ef835b6/aeneas_SBRIDGE-3*.log[0m
[1m[aeneas_NAVSAT-6] process has finished cleanly
log file: /home/timeinvestor2/.ros/log/16aecd14-2725-11e8-a59b-18cf5ef835b6/aeneas_NAVSAT-6*.log[0m
[1m[aeneas_ODOM-7] process has finished cleanly
log file: /home/timeinvestor2/.ros/log/16aecd14-2725-11e8-a59b-18cf5ef835b6/aeneas_ODOM-7*.log[0m
all processes on machine have died, roslaunch will exit
shutting down processing monitor...
... shutting down processing monitor complete
[1mdone[0m
