Welcome to the world of tomorrow hector!  Behaviour turnDirectionule started.
LogicController.Reset()





[33m[ WARN] [1520993563.658755350, 777.192000000]: Shutdown request received.[0m
[33m[ WARN] [1520993563.658934096, 777.192000000]: Reason given for shutdown: [user request][0m
Exception in mapAverage() Lookup would require extrapolation into the future.  Requested time 777.102000000 but the latest data is at time 777.000000000, when looking up transform from frame [hector/map] to frame [hector/odom]

... logging to /home/timeinvestor2/.ros/log/16aecd14-2725-11e8-a59b-18cf5ef835b6/roslaunch-timeinvestor2-Latitude-E6440-22360.log
Checking log directory for disk usage. This may take awhile.
Press Ctrl-C to interrupt
Done checking log file disk usage. Usage is <1GB.
]2;/home/timeinvestor2/SwarmBaseCode-ROS/launch/swarmie.launch
[1mstarted roslaunch server http://timeinvestor2-Latitude-E6440:33425/[0m

SUMMARY
========

PARAMETERS
 * /hector_APRILTAG/image_transport: theora
 * /hector_APRILTAG/sensor_frame_id: hector/camera_link
 * /hector_APRILTAG/tag_descriptions: [{'id': 0, 'size'...
 * /hector_APRILTAG/tag_family: 36h11
 * /hector_MAP/frequency: 10
 * /hector_MAP/imu0: /hector/imu
 * /hector_MAP/imu0_config: [False, False, Fa...
 * /hector_MAP/initial_estimate_covariance: ['1e-9', 0, 0, 0,...
 * /hector_MAP/odom0: /hector/odom/navsat
 * /hector_MAP/odom0_config: [True, True, Fals...
 * /hector_MAP/odom1: /hector/odom/filt...
 * /hector_MAP/odom1_config: [False, False, Fa...
 * /hector_MAP/process_noise_covariance: [0.005, 0, 0, 0, ...
 * /hector_MAP/two_d_mode: True
 * /hector_MAP/world_frame: map
 * /hector_NAVSAT/frequency: 10
 * /hector_NAVSAT/magnetic_declination_radians: 0.0
 * /hector_NAVSAT/world_frame: map
 * /hector_NAVSAT/yaw_offset: 1.57079632679
 * /hector_ODOM/frequency: 10
 * /hector_ODOM/imu0: /hector/imu
 * /hector_ODOM/imu0_config: [False, False, Fa...
 * /hector_ODOM/odom0: /hector/odom
 * /hector_ODOM/odom0_config: [False, False, Fa...
 * /hector_ODOM/two_d_mode: True
 * /hector_ODOM/world_frame: odom
 * /rosdistro: kinetic
 * /rosversion: 1.12.7
 * /tf_prefix: hector

NODES
  /
    hector_APRILTAG (apriltags_ros/apriltag_detector_node)
    hector_BASE2CAM (tf/static_transform_publisher)
    hector_BEHAVIOUR (behaviours/behaviours)
    hector_DIAGNOSTICS (diagnostics/diagnostics)
    hector_MAP (robot_localization/ekf_localization_node)
    hector_NAVSAT (robot_localization/navsat_transform_node)
    hector_OBSTACLE (obstacle_detection/obstacle)
    hector_ODOM (robot_localization/ekf_localization_node)
    hector_SBRIDGE (sbridge/sbridge)

[1mROS_MASTER_URI=http://localhost:11311[0m
]2;/home/timeinvestor2/SwarmBaseCode-ROS/launch/swarmie.launch http://localhost:11311
core service [/rosout] found
[1mprocess[hector_BASE2CAM-1]: started with pid [22656][0m
[1mprocess[hector_DIAGNOSTICS-2]: started with pid [22658][0m
[1mprocess[hector_SBRIDGE-3]: started with pid [22675][0m
[1mprocess[hector_BEHAVIOUR-4]: started with pid [22676][0m
[1mprocess[hector_NAVSAT-6]: started with pid [22678][0m
[1mprocess[hector_ODOM-7]: started with pid [22710][0m
[1mprocess[hector_MAP-8]: started with pid [22724][0m
[1mprocess[hector_APRILTAG-9]: started with pid [22743][0m
[1m[hector_APRILTAG-9] process has finished cleanly
log file: /home/timeinvestor2/.ros/log/16aecd14-2725-11e8-a59b-18cf5ef835b6/hector_APRILTAG-9*.log[0m
[1m[hector_BASE2CAM-1] process has finished cleanly
log file: /home/timeinvestor2/.ros/log/16aecd14-2725-11e8-a59b-18cf5ef835b6/hector_BASE2CAM-1*.log[0m
[1m[hector_DIAGNOSTICS-2] process has finished cleanly
log file: /home/timeinvestor2/.ros/log/16aecd14-2725-11e8-a59b-18cf5ef835b6/hector_DIAGNOSTICS-2*.log[0m
[1m[hector_MAP-8] process has finished cleanly
log file: /home/timeinvestor2/.ros/log/16aecd14-2725-11e8-a59b-18cf5ef835b6/hector_MAP-8*.log[0m
[1m[hector_SBRIDGE-3] process has finished cleanly
log file: /home/timeinvestor2/.ros/log/16aecd14-2725-11e8-a59b-18cf5ef835b6/hector_SBRIDGE-3*.log[0m
[1m[hector_NAVSAT-6] process has finished cleanly
log file: /home/timeinvestor2/.ros/log/16aecd14-2725-11e8-a59b-18cf5ef835b6/hector_NAVSAT-6*.log[0m
[1m[hector_ODOM-7] process has finished cleanly
log file: /home/timeinvestor2/.ros/log/16aecd14-2725-11e8-a59b-18cf5ef835b6/hector_ODOM-7*.log[0m
all processes on machine have died, roslaunch will exit
shutting down processing monitor...
... shutting down processing monitor complete
[1mdone[0m
