Welcome to the world of tomorrow paris!  Behaviour turnDirectionule started.
LogicController.Reset()









[33m[ WARN] [1520993584.636013819, 777.192000000]: Shutdown request received.[0m
[33m[ WARN] [1520993584.636198780, 777.192000000]: Reason given for shutdown: [user request][0m
Exception in mapAverage() Lookup would require extrapolation into the future.  Requested time 777.165000000 but the latest data is at time 777.100000000, when looking up transform from frame [paris/map] to frame [paris/odom]

... logging to /home/timeinvestor2/.ros/log/16aecd14-2725-11e8-a59b-18cf5ef835b6/roslaunch-timeinvestor2-Latitude-E6440-23438.log
Checking log directory for disk usage. This may take awhile.
Press Ctrl-C to interrupt
Done checking log file disk usage. Usage is <1GB.
]2;/home/timeinvestor2/SwarmBaseCode-ROS/launch/swarmie.launch
[1mstarted roslaunch server http://timeinvestor2-Latitude-E6440:35165/[0m

SUMMARY
========

PARAMETERS
 * /paris_APRILTAG/image_transport: theora
 * /paris_APRILTAG/sensor_frame_id: paris/camera_link
 * /paris_APRILTAG/tag_descriptions: [{'id': 0, 'size'...
 * /paris_APRILTAG/tag_family: 36h11
 * /paris_MAP/frequency: 10
 * /paris_MAP/imu0: /paris/imu
 * /paris_MAP/imu0_config: [False, False, Fa...
 * /paris_MAP/initial_estimate_covariance: ['1e-9', 0, 0, 0,...
 * /paris_MAP/odom0: /paris/odom/navsat
 * /paris_MAP/odom0_config: [True, True, Fals...
 * /paris_MAP/odom1: /paris/odom/filtered
 * /paris_MAP/odom1_config: [False, False, Fa...
 * /paris_MAP/process_noise_covariance: [0.005, 0, 0, 0, ...
 * /paris_MAP/two_d_mode: True
 * /paris_MAP/world_frame: map
 * /paris_NAVSAT/frequency: 10
 * /paris_NAVSAT/magnetic_declination_radians: 0.0
 * /paris_NAVSAT/world_frame: map
 * /paris_NAVSAT/yaw_offset: 1.57079632679
 * /paris_ODOM/frequency: 10
 * /paris_ODOM/imu0: /paris/imu
 * /paris_ODOM/imu0_config: [False, False, Fa...
 * /paris_ODOM/odom0: /paris/odom
 * /paris_ODOM/odom0_config: [False, False, Fa...
 * /paris_ODOM/two_d_mode: True
 * /paris_ODOM/world_frame: odom
 * /rosdistro: kinetic
 * /rosversion: 1.12.7
 * /tf_prefix: paris

NODES
  /
    paris_APRILTAG (apriltags_ros/apriltag_detector_node)
    paris_BASE2CAM (tf/static_transform_publisher)
    paris_BEHAVIOUR (behaviours/behaviours)
    paris_DIAGNOSTICS (diagnostics/diagnostics)
    paris_MAP (robot_localization/ekf_localization_node)
    paris_NAVSAT (robot_localization/navsat_transform_node)
    paris_OBSTACLE (obstacle_detection/obstacle)
    paris_ODOM (robot_localization/ekf_localization_node)
    paris_SBRIDGE (sbridge/sbridge)

[1mROS_MASTER_URI=http://localhost:11311[0m
]2;/home/timeinvestor2/SwarmBaseCode-ROS/launch/swarmie.launch http://localhost:11311
core service [/rosout] found
[1mprocess[paris_BASE2CAM-1]: started with pid [23647][0m
[1mprocess[paris_DIAGNOSTICS-2]: started with pid [23665][0m
[1mprocess[paris_SBRIDGE-3]: started with pid [23689][0m
[1mprocess[paris_BEHAVIOUR-4]: started with pid [23695][0m
[1mprocess[paris_NAVSAT-6]: started with pid [23740][0m
[1mprocess[paris_ODOM-7]: started with pid [23785][0m
[1mprocess[paris_MAP-8]: started with pid [23817][0m
[1mprocess[paris_APRILTAG-9]: started with pid [23834][0m
[1m[paris_APRILTAG-9] process has finished cleanly
log file: /home/timeinvestor2/.ros/log/16aecd14-2725-11e8-a59b-18cf5ef835b6/paris_APRILTAG-9*.log[0m
[1m[paris_BASE2CAM-1] process has finished cleanly
log file: /home/timeinvestor2/.ros/log/16aecd14-2725-11e8-a59b-18cf5ef835b6/paris_BASE2CAM-1*.log[0m
[1m[paris_DIAGNOSTICS-2] process has finished cleanly
log file: /home/timeinvestor2/.ros/log/16aecd14-2725-11e8-a59b-18cf5ef835b6/paris_DIAGNOSTICS-2*.log[0m
[1m[paris_MAP-8] process has finished cleanly
log file: /home/timeinvestor2/.ros/log/16aecd14-2725-11e8-a59b-18cf5ef835b6/paris_MAP-8*.log[0m
[1m[paris_SBRIDGE-3] process has finished cleanly
log file: /home/timeinvestor2/.ros/log/16aecd14-2725-11e8-a59b-18cf5ef835b6/paris_SBRIDGE-3*.log[0m
[1m[paris_NAVSAT-6] process has finished cleanly
log file: /home/timeinvestor2/.ros/log/16aecd14-2725-11e8-a59b-18cf5ef835b6/paris_NAVSAT-6*.log[0m
[1m[paris_ODOM-7] process has finished cleanly
log file: /home/timeinvestor2/.ros/log/16aecd14-2725-11e8-a59b-18cf5ef835b6/paris_ODOM-7*.log[0m
all processes on machine have died, roslaunch will exit
shutting down processing monitor...
... shutting down processing monitor complete
[1mdone[0m
